-------------------------------------------------------------------------------
Test set: com.SGPPiedrazul.controller.CitaControllerTest
-------------------------------------------------------------------------------
Tests run: 11, Failures: 3, Errors: 0, Skipped: 0, Time elapsed: 0.888 s <<< FAILURE! -- in com.SGPPiedrazul.controller.CitaControllerTest
com.SGPPiedrazul.controller.CitaControllerTest.reagendar_horarioNoDisponible_retornaError -- Time elapsed: 0.179 s <<< FAILURE!
java.lang.AssertionError: Status expected:<500> but was:<409>
	at org.springframework.test.util.AssertionErrors.fail(AssertionErrors.java:59)
	at org.springframework.test.util.AssertionErrors.assertEquals(AssertionErrors.java:122)
	at org.springframework.test.web.servlet.result.StatusResultMatchers.lambda$matcher$9(StatusResultMatchers.java:637)
	at org.springframework.test.web.servlet.MockMvc$1.andExpect(MockMvc.java:214)
	at com.SGPPiedrazul.controller.CitaControllerTest.reagendar_horarioNoDisponible_retornaError(CitaControllerTest.java:189)
	at java.base/java.lang.reflect.Method.invoke(Method.java:580)
	at java.base/java.util.ArrayList.forEach(ArrayList.java:1597)
	at java.base/java.util.ArrayList.forEach(ArrayList.java:1597)

com.SGPPiedrazul.controller.CitaControllerTest.agendar_horarioOcupado_retornaError -- Time elapsed: 0.009 s <<< FAILURE!
java.lang.AssertionError: Status expected:<500> but was:<409>
	at org.springframework.test.util.AssertionErrors.fail(AssertionErrors.java:59)
	at org.springframework.test.util.AssertionErrors.assertEquals(AssertionErrors.java:122)
	at org.springframework.test.web.servlet.result.StatusResultMatchers.lambda$matcher$9(StatusResultMatchers.java:637)
	at org.springframework.test.web.servlet.MockMvc$1.andExpect(MockMvc.java:214)
	at com.SGPPiedrazul.controller.CitaControllerTest.agendar_horarioOcupado_retornaError(CitaControllerTest.java:146)
	at java.base/java.lang.reflect.Method.invoke(Method.java:580)
	at java.base/java.util.ArrayList.forEach(ArrayList.java:1597)
	at java.base/java.util.ArrayList.forEach(ArrayList.java:1597)

com.SGPPiedrazul.controller.CitaControllerTest.listarPorProfesional_retorna200 -- Time elapsed: 0.009 s <<< FAILURE!
java.lang.AssertionError: Status expected:<200> but was:<400>
	at org.springframework.test.util.AssertionErrors.fail(AssertionErrors.java:59)
	at org.springframework.test.util.AssertionErrors.assertEquals(AssertionErrors.java:122)
	at org.springframework.test.web.servlet.result.StatusResultMatchers.lambda$matcher$9(StatusResultMatchers.java:637)
	at org.springframework.test.web.servlet.MockMvc$1.andExpect(MockMvc.java:214)
	at com.SGPPiedrazul.controller.CitaControllerTest.listarPorProfesional_retorna200(CitaControllerTest.java:221)
	at java.base/java.lang.reflect.Method.invoke(Method.java:580)
	at java.base/java.util.ArrayList.forEach(ArrayList.java:1597)
	at java.base/java.util.ArrayList.forEach(ArrayList.java:1597)

