-------------------------------------------------------------------------------
Test set: com.SGPPiedrazul.controller.UsuarioControllerTest
-------------------------------------------------------------------------------
Tests run: 11, Failures: 2, Errors: 0, Skipped: 0, Time elapsed: 0.365 s <<< FAILURE! -- in com.SGPPiedrazul.controller.UsuarioControllerTest
com.SGPPiedrazul.controller.UsuarioControllerTest.desactivar_usuarioInexistente_retornaError -- Time elapsed: 0.007 s <<< FAILURE!
java.lang.AssertionError: Status expected:<500> but was:<404>
	at org.springframework.test.util.AssertionErrors.fail(AssertionErrors.java:59)
	at org.springframework.test.util.AssertionErrors.assertEquals(AssertionErrors.java:122)
	at org.springframework.test.web.servlet.result.StatusResultMatchers.lambda$matcher$9(StatusResultMatchers.java:637)
	at org.springframework.test.web.servlet.MockMvc$1.andExpect(MockMvc.java:214)
	at com.SGPPiedrazul.controller.UsuarioControllerTest.desactivar_usuarioInexistente_retornaError(UsuarioControllerTest.java:208)
	at java.base/java.lang.reflect.Method.invoke(Method.java:580)
	at java.base/java.util.ArrayList.forEach(ArrayList.java:1597)
	at java.base/java.util.ArrayList.forEach(ArrayList.java:1597)

com.SGPPiedrazul.controller.UsuarioControllerTest.buscarPorId_idInexistente_retornaError -- Time elapsed: 0.003 s <<< FAILURE!
java.lang.AssertionError: Status expected:<500> but was:<404>
	at org.springframework.test.util.AssertionErrors.fail(AssertionErrors.java:59)
	at org.springframework.test.util.AssertionErrors.assertEquals(AssertionErrors.java:122)
	at org.springframework.test.web.servlet.result.StatusResultMatchers.lambda$matcher$9(StatusResultMatchers.java:637)
	at org.springframework.test.web.servlet.MockMvc$1.andExpect(MockMvc.java:214)
	at com.SGPPiedrazul.controller.UsuarioControllerTest.buscarPorId_idInexistente_retornaError(UsuarioControllerTest.java:126)
	at java.base/java.lang.reflect.Method.invoke(Method.java:580)
	at java.base/java.util.ArrayList.forEach(ArrayList.java:1597)
	at java.base/java.util.ArrayList.forEach(ArrayList.java:1597)

