-------------------------------------------------------------------------------
Test set: com.SGPPiedrazul.controller.HistoriaClinicaControllerTest
-------------------------------------------------------------------------------
Tests run: 12, Failures: 1, Errors: 0, Skipped: 0, Time elapsed: 0.476 s <<< FAILURE! -- in com.SGPPiedrazul.controller.HistoriaClinicaControllerTest
com.SGPPiedrazul.controller.HistoriaClinicaControllerTest.registrar_datosValidos_retorna201 -- Time elapsed: 0.008 s <<< FAILURE!
java.lang.AssertionError: Status expected:<201> but was:<500>
	at org.springframework.test.util.AssertionErrors.fail(AssertionErrors.java:59)
	at org.springframework.test.util.AssertionErrors.assertEquals(AssertionErrors.java:122)
	at org.springframework.test.web.servlet.result.StatusResultMatchers.lambda$matcher$9(StatusResultMatchers.java:637)
	at org.springframework.test.web.servlet.MockMvc$1.andExpect(MockMvc.java:214)
	at com.SGPPiedrazul.controller.HistoriaClinicaControllerTest.registrar_datosValidos_retorna201(HistoriaClinicaControllerTest.java:127)
	at java.base/java.lang.reflect.Method.invoke(Method.java:580)
	at java.base/java.util.ArrayList.forEach(ArrayList.java:1597)
	at java.base/java.util.ArrayList.forEach(ArrayList.java:1597)

