<?xml version="1.0" encoding="UTF-8"?>
<testsuite xmlns:xsi="http://www.w3.org/2001/XMLSchema-instance" xsi:noNamespaceSchemaLocation="https://maven.apache.org/surefire/maven-surefire-plugin/xsd/surefire-test-report.xsd" version="3.0.2" name="com.SGPPiedrazul.Backend.BackendApplicationTests" time="15.159" tests="1" errors="0" skipped="0" failures="0">
  <properties>
[...]
</properties>
  <testcase name="contextLoads" classname="com.SGPPiedrazul.Backend.BackendApplicationTests" time="0.797">
    <system-out><![CDATA[19:47:06.291 [main] INFO org.springframework.test.context.support.AnnotationConfigContextLoaderUtils -- Could not detect default configuration classes for test class [com.SGPPiedrazul.Backend.BackendApplicationTests]: BackendApplicationTests does not declare any static, non-private, non-final, nested classes annotated with @Configuration.
19:47:06.545 [main] INFO org.springframework.boot.test.context.SpringBootTestContextBootstrapper -- Found @SpringBootConfiguration com.SGPPiedrazul.BackendApplication for test class com.SGPPiedrazul.Backend.BackendApplicationTests

  .   ____          _            __ _ _
 /\\ / ___'_ __ _ _(_)_ __  __ _ \ \ \ \
( ( )\___ | '_ | '_| | '_ \/ _` | \ \ \ \
 \\/  ___)| |_)| | | | | || (_| |  ) ) ) )
  '  |____| .__|_| |_|_| |_\__, | / / / /
 =========|_|==============|___/=/_/_/_/

 :: Spring Boot ::                (v4.0.3)

2026-04-21T19:47:07.483-05:00  INFO 24796 --- [           main] c.S.Backend.BackendApplicationTests      : Starting BackendApplicationTests using Java 21.0.8 with PID 24796 (started by User in G:\github\am\Sistema-Gestion-Pacientes-Piedrazul\Backend)
2026-04-21T19:47:07.486-05:00  INFO 24796 --- [           main] c.S.Backend.BackendApplicationTests      : No active profile set, falling back to 1 default profile: "default"
2026-04-21T19:47:09.486-05:00  INFO 24796 --- [           main] .s.d.r.c.RepositoryConfigurationDelegate : Bootstrapping Spring Data JPA repositories in DEFAULT mode.
2026-04-21T19:47:09.750-05:00  INFO 24796 --- [           main] .s.d.r.c.RepositoryConfigurationDelegate : Finished Spring Data repository scanning in 244 ms. Found 8 JPA repository interfaces.
2026-04-21T19:47:11.114-05:00  INFO 24796 --- [           main] org.hibernate.orm.jpa                    : HHH008540: Processing PersistenceUnitInfo [name: default]
2026-04-21T19:47:11.334-05:00  INFO 24796 --- [           main] org.hibernate.orm.core                   : HHH000001: Hibernate ORM core version 7.2.4.Final
2026-04-21T19:47:12.441-05:00  INFO 24796 --- [           main] o.s.o.j.p.SpringPersistenceUnitInfo      : No LoadTimeWeaver setup: ignoring JPA class transformer
2026-04-21T19:47:12.499-05:00  INFO 24796 --- [           main] com.zaxxer.hikari.HikariDataSource       : HikariPool-1 - Starting...
2026-04-21T19:47:12.883-05:00  INFO 24796 --- [           main] com.zaxxer.hikari.pool.HikariPool        : HikariPool-1 - Added connection conn0: url=jdbc:h2:mem:sgp_test user=SA
2026-04-21T19:47:12.887-05:00  INFO 24796 --- [           main] com.zaxxer.hikari.HikariDataSource       : HikariPool-1 - Start completed.
2026-04-21T19:47:12.953-05:00  WARN 24796 --- [           main] org.hibernate.orm.deprecation            : HHH90000025: H2Dialect does not need to be specified explicitly using 'hibernate.dialect' (remove the property setting and it will be selected by default)
2026-04-21T19:47:12.993-05:00  INFO 24796 --- [           main] org.hibernate.orm.connections.pooling    : HHH10001005: Database info:
	Database JDBC URL [jdbc:h2:mem:sgp_test]
	Database driver: H2 JDBC Driver
	Database dialect: H2Dialect
	Database version: 2.4.240
	Default catalog/schema: sgp_test/public
	Autocommit mode: undefined/unknown
	Isolation level: READ_COMMITTED [default READ_COMMITTED]
	JDBC fetch size: 100
	Pool: DataSourceConnectionProvider
	Minimum pool size: undefined/unknown
	Maximum pool size: undefined/unknown
2026-04-21T19:47:15.165-05:00  INFO 24796 --- [           main] org.hibernate.orm.core                   : HHH000489: No JTA platform available (set 'hibernate.transaction.jta.platform' to enable JTA platform integration)
Hibernate: 
    drop table if exists auditoria cascade 
Hibernate: 
    drop table if exists citas cascade 
Hibernate: 
    drop table if exists configuracion_agendamiento cascade 
Hibernate: 
    drop table if exists franjas_horarias cascade 
Hibernate: 
    drop table if exists historial_citas cascade 
Hibernate: 
    drop table if exists historias_clinicas cascade 
Hibernate: 
    drop table if exists pacientes cascade 
Hibernate: 
    drop table if exists profesionales cascade 
Hibernate: 
    drop table if exists usuarios cascade 
Hibernate: 
    create table auditoria (
        fecha_evento timestamp(6) not null,
        id bigint generated by default as identity,
        ip_origen varchar(50),
        nombre_usuario_responsable varchar(100),
        descripcion TEXT,
        tipo_evento enum ('CITA_AGENDADA','CITA_CANCELADA','CITA_REAGENDADA','HISTORIA_MODIFICADA','HISTORIA_REGISTRADA','LOGIN_EXITOSO','LOGIN_FALLIDO','PROFESIONAL_CREADO','PROFESIONAL_MODIFICADO','USUARIO_CREADO','USUARIO_DESACTIVADO','USUARIO_MODIFICADO','USUARIO_REACTIVADO') not null,
        primary key (id)
    )
Hibernate: 
    create table citas (
        actualizado_en timestamp(6),
        creado_en timestamp(6) not null,
        creado_por_id bigint,
        fecha_hora timestamp(6) not null,
        id bigint generated by default as identity,
        paciente_id bigint not null,
        profesional_id bigint not null,
        motivo_consulta varchar(500),
        estado enum ('ATENDIDA','CANCELADA','NO_ASISTIO','PROGRAMADA','REAGENDADA') not null,
        tipo_atencion enum ('CONTROL','PRIMERA_VEZ','URGENCIA') not null,
        primary key (id)
    )
Hibernate: 
    create table configuracion_agendamiento (
        ventana_semanas integer not null,
        id bigint not null,
        primary key (id)
    )
Hibernate: 
    create table franjas_horarias (
        hora_fin time(0) not null,
        hora_inicio time(0) not null,
        id bigint generated by default as identity,
        profesional_id bigint not null,
        dia_semana enum ('FRIDAY','MONDAY','SATURDAY','SUNDAY','THURSDAY','TUESDAY','WEDNESDAY') not null,
        primary key (id)
    )
Hibernate: 
    create table historial_citas (
        cita_id bigint not null,
        fecha_anterior timestamp(6) not null,
        fecha_cambio timestamp(6) not null,
        fecha_nueva timestamp(6) not null,
        id bigint generated by default as identity,
        responsable_id bigint,
        motivo varchar(300),
        primary key (id)
    )
Hibernate: 
    create table historias_clinicas (
        actualizado_en timestamp(6),
        cita_id bigint not null unique,
        creado_en timestamp(6) not null,
        fecha_atencion timestamp(6) not null,
        id bigint generated by default as identity,
        profesional_id bigint not null,
        descripcion TEXT not null,
        primary key (id)
    )
Hibernate: 
    create table pacientes (
        fecha_nacimiento date,
        creado_en timestamp(6) not null,
        id bigint generated by default as identity,
        usuario_id bigint unique,
        documento varchar(20) not null unique,
        telefono varchar(20),
        apellidos varchar(100) not null,
        email varchar(100),
        nombres varchar(100) not null,
        genero enum ('HOMBRE','MUJER','OTRO'),
        primary key (id)
    )
Hibernate: 
    create table profesionales (
        intervalo_minutos integer not null,
        actualizado_en timestamp(6),
        creado_en timestamp(6) not null,
        id bigint generated by default as identity,
        usuario_id bigint unique,
        nombres varchar(100) not null,
        especialidad enum ('FISIOTERAPIA','QUIROPRAXIA','TERAPIA_NEURAL') not null,
        estado enum ('ACTIVO','INACTIVO') not null,
        tipo enum ('MEDICO','TERAPISTA') not null,
        primary key (id)
    )
Hibernate: 
    create table usuarios (
        email_verificado boolean not null,
        intentos_fallidos_login integer,
        actualizado_en timestamp(6),
        creado_en timestamp(6) not null,
        id bigint generated by default as identity,
        nombre_usuario varchar(50) not null unique,
        email varchar(100) not null unique,
        nombre_completo varchar(100) not null,
        contrasena varchar(255) not null,
        token_verificacion varchar(255),
        estado enum ('ACTIVO','INACTIVO') not null,
        rol enum ('ADMINISTRADOR','AGENDADOR','MEDICO_TERAPISTA','PACIENTE') not null,
        primary key (id)
    )
Hibernate: 
    alter table if exists citas 
       add constraint FKdjye0plrlcoxgd4y3pl18mn7a 
       foreign key (creado_por_id) 
       references usuarios
Hibernate: 
    alter table if exists citas 
       add constraint FKnqrsxxcuysfcxiekvixm7h8r1 
       foreign key (paciente_id) 
       references pacientes
Hibernate: 
    alter table if exists citas 
       add constraint FKc35ip6npyux3i11y5ux5bheek 
       foreign key (profesional_id) 
       references profesionales
Hibernate: 
    alter table if exists franjas_horarias 
       add constraint FKfxllrvc66xk9478krkoxb7ep0 
       foreign key (profesional_id) 
       references profesionales
Hibernate: 
    alter table if exists historial_citas 
       add constraint FK3c39tndy4y45lehpid3s2rs26 
       foreign key (cita_id) 
       references citas
Hibernate: 
    alter table if exists historial_citas 
       add constraint FKojey1pusqu3cdwebod31ukadt 
       foreign key (responsable_id) 
       references usuarios
Hibernate: 
    alter table if exists historias_clinicas 
       add constraint FK575fsj4ihg5ptmjun1jwp7q6g 
       foreign key (cita_id) 
       references citas
Hibernate: 
    alter table if exists historias_clinicas 
       add constraint FK3svv7sxnqbdqm3x427fgp6sr3 
       foreign key (profesional_id) 
       references profesionales
Hibernate: 
    alter table if exists pacientes 
       add constraint FK96vvhaactwhv7l8ymuq6b4r6j 
       foreign key (usuario_id) 
       references usuarios
Hibernate: 
    alter table if exists profesionales 
       add constraint FK16mf1nc8cnbi5lbxs53q27o78 
       foreign key (usuario_id) 
       references usuarios
2026-04-21T19:47:15.350-05:00  INFO 24796 --- [           main] j.LocalContainerEntityManagerFactoryBean : Initialized JPA EntityManagerFactory for persistence unit 'default'
2026-04-21T19:47:15.694-05:00  INFO 24796 --- [           main] o.s.d.j.r.query.QueryEnhancerFactories   : Hibernate is in classpath; If applicable, HQL parser will be used.
2026-04-21T19:47:16.302-05:00  INFO 24796 --- [           main] eAuthenticationProviderManagerConfigurer : Global AuthenticationManager configured with AuthenticationProvider bean with name authenticationProvider
2026-04-21T19:47:16.303-05:00  WARN 24796 --- [           main] r$InitializeUserDetailsManagerConfigurer : Global AuthenticationManager configured with an AuthenticationProvider bean. UserDetailsService beans will not be used by Spring Security for automatically configuring username/password login. Consider removing the AuthenticationProvider bean. Alternatively, consider using the UserDetailsService in a manually instantiated DaoAuthenticationProvider. If the current configuration is intentional, to turn off this warning, increase the logging level of 'org.springframework.security.config.annotation.authentication.configuration.InitializeUserDetailsBeanManagerConfigurer' to ERROR
Hibernate: 
    select
        ca1_0.id,
        ca1_0.ventana_semanas 
    from
        configuracion_agendamiento ca1_0 
    where
        ca1_0.id=?
Hibernate: 
    select
        ca1_0.id,
        ca1_0.ventana_semanas 
    from
        configuracion_agendamiento ca1_0 
    where
        ca1_0.id=?
Hibernate: 
    insert 
    into
        configuracion_agendamiento
        (ventana_semanas, id) 
    values
        (?, ?)
2026-04-21T19:47:18.655-05:00  WARN 24796 --- [           main] JpaBaseConfiguration$JpaWebConfiguration : spring.jpa.open-in-view is enabled by default. Therefore, database queries may be performed during view rendering. Explicitly configure spring.jpa.open-in-view to disable this warning
2026-04-21T19:47:20.188-05:00  INFO 24796 --- [           main] c.S.Backend.BackendApplicationTests      : Started BackendApplicationTests in 13.33 seconds (process running for 16.234)
]]></system-out>
    <system-err><![CDATA[Mockito is currently self-attaching to enable the inline-mock-maker. This will no longer work in future releases of the JDK. Please add Mockito as an agent to your build as described in Mockito's documentation: https://javadoc.io/doc/org.mockito/mockito-core/latest/org.mockito/org/mockito/Mockito.html#0.3
WARNING: A Java agent has been loaded dynamically (C:\Users\User\.m2\repository\net\bytebuddy\byte-buddy-agent\1.17.8\byte-buddy-agent-1.17.8.jar)
WARNING: If a serviceability tool is in use, please run with -XX:+EnableDynamicAgentLoading to hide this warning
WARNING: If a serviceability tool is not in use, please run with -Djdk.instrument.traceUsage for more information
WARNING: Dynamic loading of agents will be disallowed by default in a future release
]]></system-err>
  </testcase>
</testsuite>