<?xml version="1.0" encoding="UTF-8"?>
<testsuite xmlns:xsi="http://www.w3.org/2001/XMLSchema-instance" xsi:noNamespaceSchemaLocation="https://maven.apache.org/surefire/maven-surefire-plugin/xsd/surefire-test-report-3.0.xsd" version="3.0" name="com.SGPPiedrazul.controller.PacienteControllerTest" time="0.385" tests="14" errors="4" skipped="0" failures="0">
  <properties>
[...]
</properties>
  <testcase name="buscarPorId_inexistente_retornaError" classname="com.SGPPiedrazul.controller.PacienteControllerTest" time="0.007">
    <error message="Request processing failed: java.lang.RuntimeException: Paciente no encontrado con id: 99" type="jakarta.servlet.ServletException"><![CDATA[jakarta.servlet.ServletException: Request processing failed: java.lang.RuntimeException: Paciente no encontrado con id: 99
	at org.springframework.web.servlet.FrameworkServlet.processRequest(FrameworkServlet.java:1022)
	at org.springframework.web.servlet.FrameworkServlet.doGet(FrameworkServlet.java:903)
	at jakarta.servlet.http.HttpServlet.service(HttpServlet.java:564)
	at org.springframework.web.servlet.FrameworkServlet.service(FrameworkServlet.java:885)
	at org.springframework.test.web.servlet.TestDispatcherServlet.service(TestDispatcherServlet.java:72)
	at jakarta.servlet.http.HttpServlet.service(HttpServlet.java:658)
	at org.springframework.mock.web.MockFilterChain$ServletFilterProxy.doFilter(MockFilterChain.java:165)
	at org.springframework.mock.web.MockFilterChain.doFilter(MockFilterChain.java:132)
	at org.springframework.test.web.servlet.MockMvc.perform(MockMvc.java:201)
	at com.SGPPiedrazul.controller.PacienteControllerTest.buscarPorId_inexistente_retornaError(PacienteControllerTest.java:151)
	at java.base/java.lang.reflect.Method.invoke(Method.java:580)
	at java.base/java.util.ArrayList.forEach(ArrayList.java:1597)
	at java.base/java.util.ArrayList.forEach(ArrayList.java:1597)
Caused by: java.lang.RuntimeException: Paciente no encontrado con id: 99
	at com.SGPPiedrazul.service.PacienteService.buscarPorId(PacienteService.java:65)
	at com.SGPPiedrazul.controller.PacienteController.buscarPorId(PacienteController.java:51)
	at java.base/jdk.internal.reflect.DirectMethodHandleAccessor.invoke(DirectMethodHandleAccessor.java:103)
	at java.base/java.lang.reflect.Method.invoke(Method.java:580)
	at org.springframework.web.method.support.InvocableHandlerMethod.doInvoke(InvocableHandlerMethod.java:255)
	at org.springframework.web.method.support.InvocableHandlerMethod.invokeForRequest(InvocableHandlerMethod.java:188)
	at org.springframework.web.servlet.mvc.method.annotation.ServletInvocableHandlerMethod.invokeAndHandle(ServletInvocableHandlerMethod.java:118)
	at org.springframework.web.servlet.mvc.method.annotation.RequestMappingHandlerAdapter.invokeHandlerMethod(RequestMappingHandlerAdapter.java:926)
	at org.springframework.web.servlet.mvc.method.annotation.RequestMappingHandlerAdapter.handleInternal(RequestMappingHandlerAdapter.java:831)
	at org.springframework.web.servlet.mvc.method.AbstractHandlerMethodAdapter.handle(AbstractHandlerMethodAdapter.java:87)
	at org.springframework.web.servlet.DispatcherServlet.doDispatch(DispatcherServlet.java:1089)
	at org.springframework.web.servlet.DispatcherServlet.doService(DispatcherServlet.java:979)
	at org.springframework.web.servlet.FrameworkServlet.processRequest(FrameworkServlet.java:1014)
	... 12 more
]]></error>
    <system-out><![CDATA[2026-03-26T08:49:19.834-05:00  INFO 30152 --- [Backend] [           main] t.c.s.AnnotationConfigContextLoaderUtils : Could not detect default configuration classes for test class [com.SGPPiedrazul.controller.PacienteControllerTest]: PacienteControllerTest does not declare any static, non-private, non-final, nested classes annotated with @Configuration.
2026-03-26T08:49:19.846-05:00  INFO 30152 --- [Backend] [           main] .b.t.c.SpringBootTestContextBootstrapper : Found @SpringBootConfiguration com.SGPPiedrazul.BackendApplication for test class com.SGPPiedrazul.controller.PacienteControllerTest

  .   ____          _            __ _ _
 /\\ / ___'_ __ _ _(_)_ __  __ _ \ \ \ \
( ( )\___ | '_ | '_| | '_ \/ _` | \ \ \ \
 \\/  ___)| |_)| | | | | || (_| |  ) ) ) )
  '  |____| .__|_| |_|_| |_\__, | / / / /
 =========|_|==============|___/=/_/_/_/

 :: Spring Boot ::                (v3.3.5)

2026-03-26T08:49:19.876-05:00  INFO 30152 --- [Backend] [           main] c.S.controller.PacienteControllerTest    : Starting PacienteControllerTest using Java 22.0.2 with PID 30152 (started by Usuario in C:\Users\Usuario\Documents\GitHub\Sistema-Gestion-Pacientes-Piedrazul\Backend)
2026-03-26T08:49:19.876-05:00  INFO 30152 --- [Backend] [           main] c.S.controller.PacienteControllerTest    : No active profile set, falling back to 1 default profile: "default"
2026-03-26T08:49:20.099-05:00  WARN 30152 --- [Backend] [           main] .s.s.UserDetailsServiceAutoConfiguration : 

Using generated security password: a689e537-b4d1-42a2-ae5e-241d07324479

This generated password is for development use only. Your security configuration must be updated before running your application in production.

2026-03-26T08:49:20.099-05:00  WARN 30152 --- [Backend] [           main] r$InitializeUserDetailsManagerConfigurer : Found 2 UserDetailsService beans, with names [inMemoryUserDetailsManager, com.SGPPiedrazul.security.UserDetailsServiceImpl#0]. Global Authentication Manager will not use a UserDetailsService for username/password login. Consider publishing a single UserDetailsService bean.
2026-03-26T08:49:20.106-05:00  INFO 30152 --- [Backend] [           main] o.s.b.t.m.w.SpringBootMockServletContext : Initializing Spring TestDispatcherServlet ''
2026-03-26T08:49:20.106-05:00  INFO 30152 --- [Backend] [           main] o.s.t.web.servlet.TestDispatcherServlet  : Initializing Servlet ''
2026-03-26T08:49:20.106-05:00  INFO 30152 --- [Backend] [           main] o.s.t.web.servlet.TestDispatcherServlet  : Completed initialization in 0 ms
2026-03-26T08:49:20.109-05:00  INFO 30152 --- [Backend] [           main] c.S.controller.PacienteControllerTest    : Started PacienteControllerTest in 0.261 seconds (process running for 10.758)
]]></system-out>
  </testcase>
  <testcase name="crear_documentoDuplicado_retorna400" classname="com.SGPPiedrazul.controller.PacienteControllerTest" time="0.018">
    <error message="Request processing failed: java.lang.IllegalArgumentException: Ya existe un paciente con el documento: 12345678" type="jakarta.servlet.ServletException"><![CDATA[jakarta.servlet.ServletException: Request processing failed: java.lang.IllegalArgumentException: Ya existe un paciente con el documento: 12345678
	at org.springframework.web.servlet.FrameworkServlet.processRequest(FrameworkServlet.java:1022)
	at org.springframework.web.servlet.FrameworkServlet.doPost(FrameworkServlet.java:914)
	at jakarta.servlet.http.HttpServlet.service(HttpServlet.java:590)
	at org.springframework.web.servlet.FrameworkServlet.service(FrameworkServlet.java:885)
	at org.springframework.test.web.servlet.TestDispatcherServlet.service(TestDispatcherServlet.java:72)
	at jakarta.servlet.http.HttpServlet.service(HttpServlet.java:658)
	at org.springframework.mock.web.MockFilterChain$ServletFilterProxy.doFilter(MockFilterChain.java:165)
	at org.springframework.mock.web.MockFilterChain.doFilter(MockFilterChain.java:132)
	at org.springframework.test.web.servlet.MockMvc.perform(MockMvc.java:201)
	at com.SGPPiedrazul.controller.PacienteControllerTest.crear_documentoDuplicado_retorna400(PacienteControllerTest.java:174)
	at java.base/java.lang.reflect.Method.invoke(Method.java:580)
	at java.base/java.util.ArrayList.forEach(ArrayList.java:1597)
	at java.base/java.util.ArrayList.forEach(ArrayList.java:1597)
Caused by: java.lang.IllegalArgumentException: Ya existe un paciente con el documento: 12345678
	at com.SGPPiedrazul.service.PacienteService.crear(PacienteService.java:24)
	at com.SGPPiedrazul.controller.PacienteController.crear(PacienteController.java:60)
	at java.base/jdk.internal.reflect.DirectMethodHandleAccessor.invoke(DirectMethodHandleAccessor.java:103)
	at java.base/java.lang.reflect.Method.invoke(Method.java:580)
	at org.springframework.web.method.support.InvocableHandlerMethod.doInvoke(InvocableHandlerMethod.java:255)
	at org.springframework.web.method.support.InvocableHandlerMethod.invokeForRequest(InvocableHandlerMethod.java:188)
	at org.springframework.web.servlet.mvc.method.annotation.ServletInvocableHandlerMethod.invokeAndHandle(ServletInvocableHandlerMethod.java:118)
	at org.springframework.web.servlet.mvc.method.annotation.RequestMappingHandlerAdapter.invokeHandlerMethod(RequestMappingHandlerAdapter.java:926)
	at org.springframework.web.servlet.mvc.method.annotation.RequestMappingHandlerAdapter.handleInternal(RequestMappingHandlerAdapter.java:831)
	at org.springframework.web.servlet.mvc.method.AbstractHandlerMethodAdapter.handle(AbstractHandlerMethodAdapter.java:87)
	at org.springframework.web.servlet.DispatcherServlet.doDispatch(DispatcherServlet.java:1089)
	at org.springframework.web.servlet.DispatcherServlet.doService(DispatcherServlet.java:979)
	at org.springframework.web.servlet.FrameworkServlet.processRequest(FrameworkServlet.java:1014)
	... 12 more
]]></error>
  </testcase>
  <testcase name="crear_sinDocumento_retorna400" classname="com.SGPPiedrazul.controller.PacienteControllerTest" time="0.017">
    <system-out><![CDATA[2026-03-26T08:49:20.154-05:00  WARN 30152 --- [Backend] [           main] .w.s.m.s.DefaultHandlerExceptionResolver : Resolved [org.springframework.web.bind.MethodArgumentNotValidException: Validation failed for argument [0] in public org.springframework.http.ResponseEntity<com.SGPPiedrazul.dto.PacienteDTO$Response> com.SGPPiedrazul.controller.PacienteController.crear(com.SGPPiedrazul.dto.PacienteDTO$Request): [Field error in object 'request' on field 'documento': rejected value [null]; codes [NotBlank.request.documento,NotBlank.documento,NotBlank.java.lang.String,NotBlank]; arguments [org.springframework.context.support.DefaultMessageSourceResolvable: codes [request.documento,documento]; arguments []; default message [documento]]; default message [El documento es obligatorio.]] ]
]]></system-out>
  </testcase>
  <testcase name="buscarPorNombre_sinCoincidencias_retornaListaVacia" classname="com.SGPPiedrazul.controller.PacienteControllerTest" time="0.007"/>
  <testcase name="actualizar_inexistente_retornaError" classname="com.SGPPiedrazul.controller.PacienteControllerTest" time="0.006">
    <error message="Request processing failed: java.lang.RuntimeException: Paciente no encontrado con id: 99" type="jakarta.servlet.ServletException"><![CDATA[jakarta.servlet.ServletException: Request processing failed: java.lang.RuntimeException: Paciente no encontrado con id: 99
	at org.springframework.web.servlet.FrameworkServlet.processRequest(FrameworkServlet.java:1022)
	at org.springframework.web.servlet.FrameworkServlet.doPut(FrameworkServlet.java:925)
	at jakarta.servlet.http.HttpServlet.service(HttpServlet.java:593)
	at org.springframework.web.servlet.FrameworkServlet.service(FrameworkServlet.java:885)
	at org.springframework.test.web.servlet.TestDispatcherServlet.service(TestDispatcherServlet.java:72)
	at jakarta.servlet.http.HttpServlet.service(HttpServlet.java:658)
	at org.springframework.mock.web.MockFilterChain$ServletFilterProxy.doFilter(MockFilterChain.java:165)
	at org.springframework.mock.web.MockFilterChain.doFilter(MockFilterChain.java:132)
	at org.springframework.test.web.servlet.MockMvc.perform(MockMvc.java:201)
	at com.SGPPiedrazul.controller.PacienteControllerTest.actualizar_inexistente_retornaError(PacienteControllerTest.java:220)
	at java.base/java.lang.reflect.Method.invoke(Method.java:580)
	at java.base/java.util.ArrayList.forEach(ArrayList.java:1597)
	at java.base/java.util.ArrayList.forEach(ArrayList.java:1597)
Caused by: java.lang.RuntimeException: Paciente no encontrado con id: 99
	at com.SGPPiedrazul.service.PacienteService.actualizar(PacienteService.java:43)
	at com.SGPPiedrazul.controller.PacienteController.actualizar(PacienteController.java:69)
	at java.base/jdk.internal.reflect.DirectMethodHandleAccessor.invoke(DirectMethodHandleAccessor.java:103)
	at java.base/java.lang.reflect.Method.invoke(Method.java:580)
	at org.springframework.web.method.support.InvocableHandlerMethod.doInvoke(InvocableHandlerMethod.java:255)
	at org.springframework.web.method.support.InvocableHandlerMethod.invokeForRequest(InvocableHandlerMethod.java:188)
	at org.springframework.web.servlet.mvc.method.annotation.ServletInvocableHandlerMethod.invokeAndHandle(ServletInvocableHandlerMethod.java:118)
	at org.springframework.web.servlet.mvc.method.annotation.RequestMappingHandlerAdapter.invokeHandlerMethod(RequestMappingHandlerAdapter.java:926)
	at org.springframework.web.servlet.mvc.method.annotation.RequestMappingHandlerAdapter.handleInternal(RequestMappingHandlerAdapter.java:831)
	at org.springframework.web.servlet.mvc.method.AbstractHandlerMethodAdapter.handle(AbstractHandlerMethodAdapter.java:87)
	at org.springframework.web.servlet.DispatcherServlet.doDispatch(DispatcherServlet.java:1089)
	at org.springframework.web.servlet.DispatcherServlet.doService(DispatcherServlet.java:979)
	at org.springframework.web.servlet.FrameworkServlet.processRequest(FrameworkServlet.java:1014)
	... 12 more
]]></error>
  </testcase>
  <testcase name="buscarPorId_existente_retorna200" classname="com.SGPPiedrazul.controller.PacienteControllerTest" time="0.005"/>
  <testcase name="listar_retorna200ConListaResumida" classname="com.SGPPiedrazul.controller.PacienteControllerTest" time="0.004"/>
  <testcase name="buscarPorDocumento_existente_retorna200" classname="com.SGPPiedrazul.controller.PacienteControllerTest" time="0.005"/>
  <testcase name="buscarPorNombre_conCoincidencias_retornaLista" classname="com.SGPPiedrazul.controller.PacienteControllerTest" time="0.005"/>
  <testcase name="actualizar_existente_retorna200" classname="com.SGPPiedrazul.controller.PacienteControllerTest" time="0.003"/>
  <testcase name="buscarPorDocumento_inexistente_retornaError" classname="com.SGPPiedrazul.controller.PacienteControllerTest" time="0.004">
    <error message="Request processing failed: java.lang.RuntimeException: Paciente no encontrado con documento: 99999999" type="jakarta.servlet.ServletException"><![CDATA[jakarta.servlet.ServletException: Request processing failed: java.lang.RuntimeException: Paciente no encontrado con documento: 99999999
	at org.springframework.web.servlet.FrameworkServlet.processRequest(FrameworkServlet.java:1022)
	at org.springframework.web.servlet.FrameworkServlet.doGet(FrameworkServlet.java:903)
	at jakarta.servlet.http.HttpServlet.service(HttpServlet.java:564)
	at org.springframework.web.servlet.FrameworkServlet.service(FrameworkServlet.java:885)
	at org.springframework.test.web.servlet.TestDispatcherServlet.service(TestDispatcherServlet.java:72)
	at jakarta.servlet.http.HttpServlet.service(HttpServlet.java:658)
	at org.springframework.mock.web.MockFilterChain$ServletFilterProxy.doFilter(MockFilterChain.java:165)
	at org.springframework.mock.web.MockFilterChain.doFilter(MockFilterChain.java:132)
	at org.springframework.test.web.servlet.MockMvc.perform(MockMvc.java:201)
	at com.SGPPiedrazul.controller.PacienteControllerTest.buscarPorDocumento_inexistente_retornaError(PacienteControllerTest.java:129)
	at java.base/java.lang.reflect.Method.invoke(Method.java:580)
	at java.base/java.util.ArrayList.forEach(ArrayList.java:1597)
	at java.base/java.util.ArrayList.forEach(ArrayList.java:1597)
Caused by: java.lang.RuntimeException: Paciente no encontrado con documento: 99999999
	at com.SGPPiedrazul.service.PacienteService.buscarPorDocumento(PacienteService.java:70)
	at com.SGPPiedrazul.controller.PacienteController.buscarPorDocumento(PacienteController.java:44)
	at java.base/jdk.internal.reflect.DirectMethodHandleAccessor.invoke(DirectMethodHandleAccessor.java:103)
	at java.base/java.lang.reflect.Method.invoke(Method.java:580)
	at org.springframework.web.method.support.InvocableHandlerMethod.doInvoke(InvocableHandlerMethod.java:255)
	at org.springframework.web.method.support.InvocableHandlerMethod.invokeForRequest(InvocableHandlerMethod.java:188)
	at org.springframework.web.servlet.mvc.method.annotation.ServletInvocableHandlerMethod.invokeAndHandle(ServletInvocableHandlerMethod.java:118)
	at org.springframework.web.servlet.mvc.method.annotation.RequestMappingHandlerAdapter.invokeHandlerMethod(RequestMappingHandlerAdapter.java:926)
	at org.springframework.web.servlet.mvc.method.annotation.RequestMappingHandlerAdapter.handleInternal(RequestMappingHandlerAdapter.java:831)
	at org.springframework.web.servlet.mvc.method.AbstractHandlerMethodAdapter.handle(AbstractHandlerMethodAdapter.java:87)
	at org.springframework.web.servlet.DispatcherServlet.doDispatch(DispatcherServlet.java:1089)
	at org.springframework.web.servlet.DispatcherServlet.doService(DispatcherServlet.java:979)
	at org.springframework.web.servlet.FrameworkServlet.processRequest(FrameworkServlet.java:1014)
	... 12 more
]]></error>
  </testcase>
  <testcase name="crear_sinNombres_retorna400" classname="com.SGPPiedrazul.controller.PacienteControllerTest" time="0.005">
    <system-out><![CDATA[2026-03-26T08:49:20.205-05:00  WARN 30152 --- [Backend] [           main] .w.s.m.s.DefaultHandlerExceptionResolver : Resolved [org.springframework.web.bind.MethodArgumentNotValidException: Validation failed for argument [0] in public org.springframework.http.ResponseEntity<com.SGPPiedrazul.dto.PacienteDTO$Response> com.SGPPiedrazul.controller.PacienteController.crear(com.SGPPiedrazul.dto.PacienteDTO$Request): [Field error in object 'request' on field 'nombres': rejected value []; codes [NotBlank.request.nombres,NotBlank.nombres,NotBlank.java.lang.String,NotBlank]; arguments [org.springframework.context.support.DefaultMessageSourceResolvable: codes [request.nombres,nombres]; arguments []; default message [nombres]]; default message [El nombre es obligatorio.]] ]
]]></system-out>
  </testcase>
  <testcase name="listar_sinPacientes_retornaListaVacia" classname="com.SGPPiedrazul.controller.PacienteControllerTest" time="0.003"/>
  <testcase name="crear_datosValidos_retorna201" classname="com.SGPPiedrazul.controller.PacienteControllerTest" time="0.004"/>
</testsuite>