<?xml version="1.0" encoding="UTF-8"?>
<testsuite xmlns:xsi="http://www.w3.org/2001/XMLSchema-instance" xsi:noNamespaceSchemaLocation="https://maven.apache.org/surefire/maven-surefire-plugin/xsd/surefire-test-report-3.0.xsd" version="3.0" name="com.SGPPiedrazul.controller.ProfesionalControllerTest" time="0.875" tests="15" errors="0" skipped="0" failures="0">
  <properties>
[...]
</properties>
  <testcase name="buscarPorId_inexistente_retornaError" classname="com.SGPPiedrazul.controller.ProfesionalControllerTest" time="0.03">
    <system-out><![CDATA[2026-04-09T23:08:07.348-05:00  INFO 16732 --- [Backend] [           main] t.c.s.AnnotationConfigContextLoaderUtils : Could not detect default configuration classes for test class [com.SGPPiedrazul.controller.ProfesionalControllerTest]: ProfesionalControllerTest does not declare any static, non-private, non-final, nested classes annotated with @Configuration.
2026-04-09T23:08:07.362-05:00  INFO 16732 --- [Backend] [           main] .b.t.c.SpringBootTestContextBootstrapper : Found @SpringBootConfiguration com.SGPPiedrazul.BackendApplication for test class com.SGPPiedrazul.controller.ProfesionalControllerTest

  .   ____          _            __ _ _
 /\\ / ___'_ __ _ _(_)_ __  __ _ \ \ \ \
( ( )\___ | '_ | '_| | '_ \/ _` | \ \ \ \
 \\/  ___)| |_)| | | | | || (_| |  ) ) ) )
  '  |____| .__|_| |_|_| |_\__, | / / / /
 =========|_|==============|___/=/_/_/_/

 :: Spring Boot ::                (v3.3.5)

2026-04-09T23:08:07.399-05:00  INFO 16732 --- [Backend] [           main] c.S.c.ProfesionalControllerTest          : Starting ProfesionalControllerTest using Java 21.0.8 with PID 16732 (started by User in G:\github\am\Sistema-Gestion-Pacientes-Piedrazul\Backend)
2026-04-09T23:08:07.399-05:00  INFO 16732 --- [Backend] [           main] c.S.c.ProfesionalControllerTest          : No active profile set, falling back to 1 default profile: "default"
2026-04-09T23:08:07.946-05:00  WARN 16732 --- [Backend] [           main] .s.s.UserDetailsServiceAutoConfiguration : 

Using generated security password: 2776d6e2-e76b-4b35-86b5-5e899d4215d3

This generated password is for development use only. Your security configuration must be updated before running your application in production.

2026-04-09T23:08:07.946-05:00  WARN 16732 --- [Backend] [           main] r$InitializeUserDetailsManagerConfigurer : Found 2 UserDetailsService beans, with names [inMemoryUserDetailsManager, com.SGPPiedrazul.security.UserDetailsServiceImpl#0]. Global Authentication Manager will not use a UserDetailsService for username/password login. Consider publishing a single UserDetailsService bean.
2026-04-09T23:08:07.985-05:00  INFO 16732 --- [Backend] [           main] o.s.b.t.m.w.SpringBootMockServletContext : Initializing Spring TestDispatcherServlet ''
2026-04-09T23:08:07.985-05:00  INFO 16732 --- [Backend] [           main] o.s.t.web.servlet.TestDispatcherServlet  : Initializing Servlet ''
2026-04-09T23:08:07.990-05:00  INFO 16732 --- [Backend] [           main] o.s.t.web.servlet.TestDispatcherServlet  : Completed initialization in 5 ms
2026-04-09T23:08:07.997-05:00  INFO 16732 --- [Backend] [           main] c.S.c.ProfesionalControllerTest          : Started ProfesionalControllerTest in 0.632 seconds (process running for 17.39)
]]></system-out>
  </testcase>
  <testcase name="listarActivos_retornaActivos" classname="com.SGPPiedrazul.controller.ProfesionalControllerTest" time="0.05"/>
  <testcase name="listarFranjas_retorna200" classname="com.SGPPiedrazul.controller.ProfesionalControllerTest" time="0.01"/>
  <testcase name="listarPorEspecialidad_retornaFiltrados" classname="com.SGPPiedrazul.controller.ProfesionalControllerTest" time="0.012"/>
  <testcase name="listar_retorna200ConLista" classname="com.SGPPiedrazul.controller.ProfesionalControllerTest" time="0.006"/>
  <testcase name="cambiarEstado_aInactivo_retorna204" classname="com.SGPPiedrazul.controller.ProfesionalControllerTest" time="0.006"/>
  <testcase name="miPerfil_autenticado_retorna200" classname="com.SGPPiedrazul.controller.ProfesionalControllerTest" time="0.008"/>
  <testcase name="crear_conUsuario_retorna201ConVinculo" classname="com.SGPPiedrazul.controller.ProfesionalControllerTest" time="0.015"/>
  <testcase name="buscarPorId_existente_retorna200" classname="com.SGPPiedrazul.controller.ProfesionalControllerTest" time="0.005"/>
  <testcase name="buscarPorUsuarioId_existente_retorna200" classname="com.SGPPiedrazul.controller.ProfesionalControllerTest" time="0.005"/>
  <testcase name="miPerfil_sinVinculo_retornaError" classname="com.SGPPiedrazul.controller.ProfesionalControllerTest" time="0.005"/>
  <testcase name="actualizar_existente_retorna200" classname="com.SGPPiedrazul.controller.ProfesionalControllerTest" time="0.008"/>
  <testcase name="crear_sinUsuario_retorna201" classname="com.SGPPiedrazul.controller.ProfesionalControllerTest" time="0.007"/>
  <testcase name="actualizarFranjas_retorna204" classname="com.SGPPiedrazul.controller.ProfesionalControllerTest" time="0.025"/>
  <testcase name="crear_usuarioDuplicado_retorna400" classname="com.SGPPiedrazul.controller.ProfesionalControllerTest" time="0.006"/>
</testsuite>