<?xml version="1.0" encoding="UTF-8"?>
<testsuite xmlns:xsi="http://www.w3.org/2001/XMLSchema-instance" xsi:noNamespaceSchemaLocation="https://maven.apache.org/surefire/maven-surefire-plugin/xsd/surefire-test-report.xsd" version="3.0.2" name="com.SGPPiedrazul.controller.AuthControllerTest" time="3.084" tests="8" errors="0" skipped="0" failures="0">
  <properties>
[...]
</properties>
  <testcase name="registro_usuarioDuplicado_retorna400" classname="com.SGPPiedrazul.controller.AuthControllerTest" time="0.507">
    <system-out><![CDATA[2026-04-21T19:47:21.060-05:00  INFO 24796 --- [           main] t.c.s.AnnotationConfigContextLoaderUtils : Could not detect default configuration classes for test class [com.SGPPiedrazul.controller.AuthControllerTest]: AuthControllerTest does not declare any static, non-private, non-final, nested classes annotated with @Configuration.
2026-04-21T19:47:21.179-05:00  INFO 24796 --- [           main] .b.t.c.SpringBootTestContextBootstrapper : Found @SpringBootConfiguration com.SGPPiedrazul.BackendApplication for test class com.SGPPiedrazul.controller.AuthControllerTest

  .   ____          _            __ _ _
 /\\ / ___'_ __ _ _(_)_ __  __ _ \ \ \ \
( ( )\___ | '_ | '_| | '_ \/ _` | \ \ \ \
 \\/  ___)| |_)| | | | | || (_| |  ) ) ) )
  '  |____| .__|_| |_|_| |_\__, | / / / /
 =========|_|==============|___/=/_/_/_/

 :: Spring Boot ::                (v4.0.3)

2026-04-21T19:47:21.266-05:00  INFO 24796 --- [           main] c.S.controller.AuthControllerTest        : Starting AuthControllerTest using Java 21.0.8 with PID 24796 (started by User in G:\github\am\Sistema-Gestion-Pacientes-Piedrazul\Backend)
2026-04-21T19:47:21.267-05:00  INFO 24796 --- [           main] c.S.controller.AuthControllerTest        : No active profile set, falling back to 1 default profile: "default"
2026-04-21T19:47:22.785-05:00  WARN 24796 --- [           main] .s.a.UserDetailsServiceAutoConfiguration : 

Using generated security password: d6e75fd5-1c63-4913-bd30-0fbca52003cc

This generated password is for development use only. Your security configuration must be updated before running your application in production.

2026-04-21T19:47:22.825-05:00  WARN 24796 --- [           main] r$InitializeUserDetailsManagerConfigurer : Found 2 UserDetailsService beans, with names [inMemoryUserDetailsManager, com.SGPPiedrazul.security.UserDetailsServiceImpl#0]. Global Authentication Manager will not use a UserDetailsService for username/password login. Consider publishing a single UserDetailsService bean.
2026-04-21T19:47:23.114-05:00  INFO 24796 --- [           main] o.s.b.t.m.w.SpringBootMockServletContext : Initializing Spring TestDispatcherServlet ''
2026-04-21T19:47:23.115-05:00  INFO 24796 --- [           main] o.s.t.web.servlet.TestDispatcherServlet  : Initializing Servlet ''
2026-04-21T19:47:23.119-05:00  INFO 24796 --- [           main] o.s.t.web.servlet.TestDispatcherServlet  : Completed initialization in 3 ms
2026-04-21T19:47:23.163-05:00  INFO 24796 --- [           main] c.S.controller.AuthControllerTest        : Started AuthControllerTest in 1.97 seconds (process running for 19.208)
]]></system-out>
  </testcase>
  <testcase name="login_credencialesValidas_retorna200" classname="com.SGPPiedrazul.controller.AuthControllerTest" time="0.15"/>
  <testcase name="verificarEmail_tokenInvalido_retorna400" classname="com.SGPPiedrazul.controller.AuthControllerTest" time="0.04"/>
  <testcase name="login_credencialesInvalidas_retorna401" classname="com.SGPPiedrazul.controller.AuthControllerTest" time="0.037"/>
  <testcase name="refresh_tokenValido_retornaNuevoToken" classname="com.SGPPiedrazul.controller.AuthControllerTest" time="0.049"/>
  <testcase name="refresh_tokenExpirado_retornaError" classname="com.SGPPiedrazul.controller.AuthControllerTest" time="0.036"/>
  <testcase name="verificarEmail_tokenValido_retorna200" classname="com.SGPPiedrazul.controller.AuthControllerTest" time="0.024"/>
  <testcase name="registro_datosValidos_retorna200" classname="com.SGPPiedrazul.controller.AuthControllerTest" time="0.026"/>
</testsuite>